###############################################################
#  Generated by:      Cadence Innovus 21.13-s100_1
#  OS:                Linux x86_64(Host ID acf3030)
#  Generated on:      Thu Oct 27 19:10:08 2022
#  Design:            b14
#  Command:           summaryReport -outfile ./pnr_reports/placement_summary.rpt
###############################################################


==============================
General Design Information
==============================
Design Status: Routed  
Design Name: b14  
# Instances: 4950  
# Hard Macros: 0  
# Std Cells: 4950  
    ------------------------------
    Standard Cells in Netlist
    ------------------------------
               Cell Type   Instance Count  Area (um^2)  
                 AND2_X1              206         219.1840  
                 AND3_X1                3           3.9900  
                 AND4_X1                2           3.1920  
               AOI211_X1                7           9.3100  
                AOI21_X1               42          44.6880  
               AOI221_X1              171         272.9160  
               AOI222_X1               72         153.2160  
                AOI22_X1              682         907.0600  
                  BUF_X1                8           6.3840  
               CLKBUF_X1              941         750.9180  
                 DFFR_X1              215        1143.8000  
                   FA_X1              494        2102.4640  
                  INV_X1              788         419.2160  
                NAND2_X1              263         209.8740  
                NAND3_X1               31          32.9840  
                NAND4_X1               53          70.4900  
                 NOR2_X1               56          44.6880  
                 NOR3_X1                4           4.2560  
                 NOR4_X1                1           1.3300  
               OAI211_X1               44          58.5200  
                OAI21_X1              423         450.0720  
               OAI221_X1               73         116.5080  
               OAI222_X1               34          72.3520  
                OAI22_X1              111         147.6300  
                OAI33_X1                1           1.8620  
                  OR2_X1               37          39.3680  
                  OR3_X1                8          10.6400  
                  OR4_X1                1           1.5960  
                XNOR2_X1               16          25.5360  
                 XOR2_X1              163         260.1480  
# Pads: 0  
# Net: 5805  
# Special Net: 8  
# IO Pins: 
    ------------------------------
    Issued IO Information
    ------------------------------
    # Unplaced IO Pin  0  
    # Floating IO  0  
    # IO Connected to Non-IO Inst  
        ------------------------------
        IO Connected to Non-IO Inst
        ------------------------------
                     IO Name      Non-IO Inst Name  
                          wr                wr_reg  
                          rd                rd_reg  
                    datao[0]          datao_reg_0_  
                    datao[1]          datao_reg_1_  
                    datao[2]          datao_reg_2_  
                    datao[3]          datao_reg_3_  
                    datao[4]          datao_reg_4_  
                    datao[5]          datao_reg_5_  
                    datao[6]          datao_reg_6_  
                    datao[7]          datao_reg_7_  
                    datao[8]          datao_reg_8_  
                    datao[9]          datao_reg_9_  
                   datao[10]         datao_reg_10_  
                   datao[11]         datao_reg_11_  
                   datao[12]         datao_reg_12_  
                   datao[13]         datao_reg_13_  
                   datao[14]         datao_reg_14_  
                   datao[15]         datao_reg_15_  
                   datao[16]         datao_reg_16_  
                   datao[17]         datao_reg_17_  
                   datao[18]         datao_reg_18_  
                   datao[19]         datao_reg_19_  
                   datao[20]         datao_reg_20_  
                   datao[21]         datao_reg_21_  
                   datao[22]         datao_reg_22_  
                   datao[23]         datao_reg_23_  
                   datao[24]         datao_reg_24_  
                   datao[25]         datao_reg_25_  
                   datao[26]         datao_reg_26_  
                   datao[27]         datao_reg_27_  
                   datao[28]         datao_reg_28_  
                   datao[29]         datao_reg_29_  
                   datao[30]         datao_reg_30_  
                   datao[31]         datao_reg_31_  
                    datai[0]                 U6070  
                    datai[1]                 U5563  
                    datai[2]                 U5569  
                    datai[3]                 U5585  
                    datai[4]                 U5600  
                    datai[5]                 U5617  
                    datai[6]                 U5636  
                    datai[7]                 U5651  
                    datai[8]                 U5663  
                    datai[9]                 U5680  
                   datai[10]                 U5692  
                   datai[11]                 U5703  
                   datai[12]                 U5714  
                   datai[13]                 U5724  
                   datai[14]                 U5736  
                   datai[15]                 U5748  
                   datai[16]                 U5759  
                   datai[17]                 U5773  
                   datai[18]                 U5785  
                   datai[19]                 U5797  
                   datai[20]                 U6072  
                   datai[21]                 U6074  
                   datai[22]                 U6073  
                   datai[23]                 U6076  
                   datai[24]                 U6075  
                   datai[25]                 U6078  
                   datai[26]                 U6077  
                   datai[27]                 U6079  
                   datai[28]                 U6080  
                   datai[29]                 U6069  
                   datai[30]                 U6071  
                   datai[31]                 U6068  
                     addr[0]           addr_reg_0_  
                     addr[1]           addr_reg_1_  
                     addr[2]           addr_reg_2_  
                     addr[3]           addr_reg_3_  
                     addr[4]           addr_reg_4_  
                     addr[5]           addr_reg_5_  
                     addr[6]           addr_reg_6_  
                     addr[7]           addr_reg_7_  
                     addr[8]           addr_reg_8_  
                     addr[9]           addr_reg_9_  
                    addr[10]          addr_reg_10_  
                    addr[11]          addr_reg_11_  
                    addr[12]          addr_reg_12_  
                    addr[13]          addr_reg_13_  
                    addr[14]          addr_reg_14_  
                    addr[15]          addr_reg_15_  
                    addr[16]          addr_reg_16_  
                    addr[17]          addr_reg_17_  
                    addr[18]          addr_reg_18_  
                    addr[19]          addr_reg_19_  
                       reset                 U6067  
                       clock           reg3_reg_0_  88  88  
# Pins: 
    ------------------------------
    Correctness of Pin Connectivity for All Instances
    ------------------------------
    # Floating Terms  0  
    # Output Term Marked Tie Hi/Lo  0  
    # Output Term Shorted to PG Net  0  17890  
# PG Pins: 
    ------------------------------
    Correctness of PG Pin Connectivity for All Instances
    ------------------------------
    # Instances that No Net Defined for Any PG Pin  0  
    # Floating PG Terms  0  
    # PG Pins Connect to Non-PG Net  0  
    # Power Pins Connect Ground Net  0  
    # Ground Pins Connect Power Net  0  9900  
Average Pins Per Net(Signal): 3.082  

==============================
General Library Information
==============================
# Routing Layers: 10  
# Masterslice Layers: 2  
# Pin Layers: 
    General Caution:
        1) Library have metal1, metal5 and metal6 pins, you should setPlaceMode -prerouteAsObs {1 2 3}                                 to ensure these pins are accessible after placement

    ------------------------------
    Pin Layers
    ------------------------------
    metal6  
    metal5  
    metal1  3  
# Layers: 
    ------------------------------
    Layer OVERLAP Information
    ------------------------------
    Type  Overlap  
    ------------------------------
    Layer metal10 Information
    ------------------------------
    Type  Routing  
    Wire Pitch X  1.600 um  
    Wire Pitch Y  1.600 um  
    Offset X  0.095 um  
    Offset Y  0.070 um  
    Wire Width  0.800 um  
    Spacing  0.800 um  
    ------------------------------
    Layer via9 Information
    ------------------------------
    Type  Cut  
    Wire Width  0.800 um  
    Vias  
        ------------------------------
        Via list in layer via9
        ------------------------------
                Vias in via9  Default  
                      via9_0      Yes  For complete list click here  
    Multiple Orientation Vias  CAUTION: There is only one default via in this layer  
    ------------------------------
    Layer metal9 Information
    ------------------------------
    Type  Routing  
    Wire Pitch X  1.600 um  
    Wire Pitch Y  1.600 um  
    Offset X  0.095 um  
    Offset Y  0.070 um  
    Wire Width  0.800 um  
    Spacing  0.800 um  
    ------------------------------
    Layer via8 Information
    ------------------------------
    Type  Cut  
    Wire Width  0.400 um  
    Vias  
        ------------------------------
        Via list in layer via8
        ------------------------------
                Vias in via8  Default  
                      via8_0      Yes  For complete list click here  
    Multiple Orientation Vias  CAUTION: There is only one default via in this layer  
    ------------------------------
    Layer metal8 Information
    ------------------------------
    Type  Routing  
    Wire Pitch X  0.800 um  
    Wire Pitch Y  0.800 um  
    Offset X  0.095 um  
    Offset Y  0.070 um  
    Wire Width  0.400 um  
    Spacing  0.400 um  
    ------------------------------
    Layer via7 Information
    ------------------------------
    Type  Cut  
    Wire Width  0.400 um  
    Vias  
        ------------------------------
        Via list in layer via7
        ------------------------------
                Vias in via7  Default  
                      via7_0      Yes  For complete list click here  
    Multiple Orientation Vias  CAUTION: There is only one default via in this layer  
    ------------------------------
    Layer metal7 Information
    ------------------------------
    Type  Routing  
    Wire Pitch X  0.800 um  
    Wire Pitch Y  0.800 um  
    Offset X  0.095 um  
    Offset Y  0.070 um  
    Wire Width  0.400 um  
    Spacing  0.400 um  
    ------------------------------
    Layer via6 Information
    ------------------------------
    Type  Cut  
    Wire Width  0.140 um  
    Vias  
        ------------------------------
        Via list in layer via6
        ------------------------------
                Vias in via6  Default  
                      via6_0      Yes  For complete list click here  
    Multiple Orientation Vias  CAUTION: There is only one default via in this layer  
    ------------------------------
    Layer metal6 Information
    ------------------------------
    Type  Routing  
    Wire Pitch X  0.280 um  
    Wire Pitch Y  0.280 um  
    Offset X  0.095 um  
    Offset Y  0.070 um  
    Wire Width  0.140 um  
    Spacing  0.140 um  
    ------------------------------
    Layer via5 Information
    ------------------------------
    Type  Cut  
    Wire Width  0.140 um  
    Vias  
        ------------------------------
        Via list in layer via5
        ------------------------------
                Vias in via5  Default  
                      via5_0      Yes  For complete list click here  
    Multiple Orientation Vias  CAUTION: There is only one default via in this layer  
    ------------------------------
    Layer metal5 Information
    ------------------------------
    Type  Routing  
    Wire Pitch X  0.280 um  
    Wire Pitch Y  0.280 um  
    Offset X  0.095 um  
    Offset Y  0.070 um  
    Wire Width  0.140 um  
    Spacing  0.140 um  
    ------------------------------
    Layer via4 Information
    ------------------------------
    Type  Cut  
    Wire Width  0.140 um  
    Vias  
        ------------------------------
        Via list in layer via4
        ------------------------------
                Vias in via4  Default  
                      via4_0      Yes  For complete list click here  
    Multiple Orientation Vias  CAUTION: There is only one default via in this layer  
    ------------------------------
    Layer metal4 Information
    ------------------------------
    Type  Routing  
    Wire Pitch X  0.280 um  
    Wire Pitch Y  0.280 um  
    Offset X  0.095 um  
    Offset Y  0.070 um  
    Wire Width  0.140 um  
    Spacing  0.140 um  
    ------------------------------
    Layer via3 Information
    ------------------------------
    Type  Cut  
    Wire Width  0.070 um  
    Vias  
        ------------------------------
        Via list in layer via3
        ------------------------------
                Vias in via3  Default  
                      via3_1      Yes  
                      via3_0      Yes  
                      via3_2      Yes  For complete list click here  
    ------------------------------
    Layer metal3 Information
    ------------------------------
    Type  Routing  
    Wire Pitch X  0.140 um  
    Wire Pitch Y  0.140 um  
    Offset X  0.095 um  
    Offset Y  0.070 um  
    Wire Width  0.070 um  
    Spacing  0.070 um  
    ------------------------------
    Layer via2 Information
    ------------------------------
    Type  Cut  
    Wire Width  0.070 um  
    Vias  
        ------------------------------
        Via list in layer via2
        ------------------------------
                Vias in via2  Default  
                      via2_3      Yes  
                      via2_2      Yes  
                      via2_1      Yes  
                      via2_0      Yes  
                      via2_6      Yes  
                      via2_7      Yes  
                      via2_5      Yes  
                      via2_4      Yes  
                      via2_8      Yes  For complete list click here  
    ------------------------------
    Layer metal2 Information
    ------------------------------
    Type  Routing  
    Wire Pitch X  0.190 um  
    Wire Pitch Y  0.190 um  
    Offset X  0.095 um  
    Offset Y  0.070 um  
    Wire Width  0.070 um  
    Spacing  0.070 um  
    ------------------------------
    Layer via1 Information
    ------------------------------
    Type  Cut  
    Wire Width  0.070 um  
    Vias  
        ------------------------------
        Via list in layer via1
        ------------------------------
                Vias in via1  Default  
                      via1_8      Yes  
                      via1_7      Yes  
                      via1_6      Yes  
                      via1_5      Yes  
                      via1_3      Yes  
                      via1_2      Yes  
                      via1_1      Yes  
                      via1_0      Yes  
                      via1_4      Yes  For complete list click here  
    ------------------------------
    Layer metal1 Information
    ------------------------------
    Type  Routing  
    Wire Pitch X  0.140 um  
    Wire Pitch Y  0.140 um  
    Offset X  0.095 um  
    Offset Y  0.070 um  
    Wire Width  0.070 um  
    Spacing  0.065 um  
    ------------------------------
    Layer active Information
    ------------------------------
    Type  Masterslice  
    ------------------------------
    Layer poly Information
    ------------------------------
    Type  Masterslice  22  
# Pins without Physical Port: 0  
# Pins in Library without Timing Lib: 0  
# Pins Missing Direction: 0  
Antenna Summary Report: 
    General Caution:
        1) All Antenna Constructs are absent for the layer section of LEF.
    ------------------------------
    These Pins have antenna info
    ------------------------------
               Cell Name      List of Pin Name  
                 AND2_X1                    ZN  
                 AND2_X1                    A2  
                 AND2_X1                    A1  
                 AND2_X2                    ZN  
                 AND2_X2                    A2  
                 AND2_X2                    A1  
                 AND2_X4                    ZN  
                 AND2_X4                    A2  
                 AND2_X4                    A1  
                 AND3_X1                    ZN  
                 AND3_X1                    A3  
                 AND3_X1                    A2  
                 AND3_X1                    A1  
                 AND3_X2                    ZN  
                 AND3_X2                    A3  
                 AND3_X2                    A2  
                 AND3_X2                    A1  
                 AND3_X4                    ZN  
                 AND3_X4                    A3  
                 AND3_X4                    A2  
                 AND3_X4                    A1  
                 AND4_X1                    ZN  
                 AND4_X1                    A4  
                 AND4_X1                    A3  
                 AND4_X1                    A2  
                 AND4_X1                    A1  
                 AND4_X2                    ZN  
                 AND4_X2                    A4  
                 AND4_X2                    A3  
                 AND4_X2                    A2  
                 AND4_X2                    A1  
                 AND4_X4                    ZN  
                 AND4_X4                    A4  
                 AND4_X4                    A3  
                 AND4_X4                    A2  
                 AND4_X4                    A1  
              ANTENNA_X1                     A  
               AOI211_X1                    ZN  
               AOI211_X1                    C2  
               AOI211_X1                    C1  
               AOI211_X1                     B  
               AOI211_X1                     A  
               AOI211_X2                    ZN  
               AOI211_X2                    C2  
               AOI211_X2                    C1  
               AOI211_X2                     B  
               AOI211_X2                     A  
               AOI211_X4                    ZN  
               AOI211_X4                    C2  
               AOI211_X4                    C1  
               AOI211_X4                     B  
               AOI211_X4                     A  
                AOI21_X1                    ZN  
                AOI21_X1                    B2  
                AOI21_X1                    B1  
                AOI21_X1                     A  
                AOI21_X2                    ZN  
                AOI21_X2                    B2  
                AOI21_X2                    B1  
                AOI21_X2                     A  
                AOI21_X4                    ZN  
                AOI21_X4                    B2  
                AOI21_X4                    B1  
                AOI21_X4                     A  
               AOI221_X1                    ZN  
               AOI221_X1                    C2  
               AOI221_X1                    C1  
               AOI221_X1                    B2  
               AOI221_X1                    B1  
               AOI221_X1                     A  
               AOI221_X2                    ZN  
               AOI221_X2                    C2  
               AOI221_X2                    C1  
               AOI221_X2                    B2  
               AOI221_X2                    B1  
               AOI221_X2                     A  
               AOI221_X4                    ZN  
               AOI221_X4                    C2  
               AOI221_X4                    C1  
               AOI221_X4                    B2  
               AOI221_X4                    B1  
               AOI221_X4                     A  
               AOI222_X1                    ZN  
               AOI222_X1                    C2  
               AOI222_X1                    C1  
               AOI222_X1                    B2  
               AOI222_X1                    B1  
               AOI222_X1                    A2  
               AOI222_X1                    A1  
               AOI222_X2                    ZN  
               AOI222_X2                    C2  
               AOI222_X2                    C1  
               AOI222_X2                    B2  
               AOI222_X2                    B1  
               AOI222_X2                    A2  
               AOI222_X2                    A1  
               AOI222_X4                    ZN  
               AOI222_X4                    C2  
               AOI222_X4                    C1  
               AOI222_X4                    B2  
               AOI222_X4                    B1  
               AOI222_X4                    A2  
               AOI222_X4                    A1  
                AOI22_X1                    ZN  
                AOI22_X1                    B2  
                AOI22_X1                    B1  
                AOI22_X1                    A2  
                AOI22_X1                    A1  
                AOI22_X2                    ZN  
                AOI22_X2                    B2  
                AOI22_X2                    B1  
                AOI22_X2                    A2  
                AOI22_X2                    A1  
                AOI22_X4                    ZN  
                AOI22_X4                    B2  
                AOI22_X4                    B1  
                AOI22_X4                    A2  
                AOI22_X4                    A1  
                  BUF_X1                     Z  
                  BUF_X1                     A  
                 BUF_X16                     Z  
                 BUF_X16                     A  
                  BUF_X2                     Z  
                  BUF_X2                     A  
                 BUF_X32                     Z  
                 BUF_X32                     A  
                  BUF_X4                     Z  
                  BUF_X4                     A  
                  BUF_X8                     Z  
                  BUF_X8                     A  
               CLKBUF_X1                     Z  
               CLKBUF_X1                     A  
               CLKBUF_X2                     Z  
               CLKBUF_X2                     A  
               CLKBUF_X3                     Z  
               CLKBUF_X3                     A  
           CLKGATETST_X1                   GCK  
           CLKGATETST_X1                    SE  
           CLKGATETST_X1                     E  
           CLKGATETST_X1                    CK  
           CLKGATETST_X2                   GCK  
           CLKGATETST_X2                    SE  
           CLKGATETST_X2                     E  
           CLKGATETST_X2                    CK  
           CLKGATETST_X4                   GCK  
           CLKGATETST_X4                    SE  
           CLKGATETST_X4                     E  
           CLKGATETST_X4                    CK  
           CLKGATETST_X8                   GCK  
           CLKGATETST_X8                    SE  
           CLKGATETST_X8                     E  
           CLKGATETST_X8                    CK  
              CLKGATE_X1                   GCK  
              CLKGATE_X1                     E  
              CLKGATE_X1                    CK  
              CLKGATE_X2                   GCK  
              CLKGATE_X2                     E  
              CLKGATE_X2                    CK  
              CLKGATE_X4                   GCK  
              CLKGATE_X4                     E  
              CLKGATE_X4                    CK  
              CLKGATE_X8                   GCK  
              CLKGATE_X8                     E  
              CLKGATE_X8                    CK  
                DFFRS_X1                    QN  
                DFFRS_X1                     Q  
                DFFRS_X1                    CK  
                DFFRS_X1                    SN  
                DFFRS_X1                    RN  
                DFFRS_X1                     D  
                DFFRS_X2                    QN  
                DFFRS_X2                     Q  
                DFFRS_X2                    CK  
                DFFRS_X2                    SN  
                DFFRS_X2                    RN  
                DFFRS_X2                     D  
                 DFFR_X1                    QN  
                 DFFR_X1                     Q  
                 DFFR_X1                    CK  
                 DFFR_X1                    RN  
                 DFFR_X1                     D  
                 DFFR_X2                    QN  
                 DFFR_X2                     Q  
                 DFFR_X2                    CK  
                 DFFR_X2                    RN  
                 DFFR_X2                     D  
                 DFFS_X1                    QN  
                 DFFS_X1                     Q  
                 DFFS_X1                    CK  
                 DFFS_X1                    SN  
                 DFFS_X1                     D  
                 DFFS_X2                    QN  
                 DFFS_X2                     Q  
                 DFFS_X2                    CK  
                 DFFS_X2                    SN  
                 DFFS_X2                     D  
                  DFF_X1                    QN  
                  DFF_X1                     Q  
                  DFF_X1                    CK  
                  DFF_X1                     D  
                  DFF_X2                    QN  
                  DFF_X2                     Q  
                  DFF_X2                    CK  
                  DFF_X2                     D  
                  DLH_X1                     Q  
                  DLH_X1                     G  
                  DLH_X1                     D  
                  DLH_X2                     Q  
                  DLH_X2                     G  
                  DLH_X2                     D  
                  DLL_X1                     Q  
                  DLL_X1                    GN  
                  DLL_X1                     D  
                  DLL_X2                     Q  
                  DLL_X2                    GN  
                  DLL_X2                     D  
                   FA_X1                     S  
                   FA_X1                    CO  
                   FA_X1                    CI  
                   FA_X1                     B  
                   FA_X1                     A  
                   HA_X1                     S  
                   HA_X1                    CO  
                   HA_X1                     B  
                   HA_X1                     A  
                  INV_X1                    ZN  
                  INV_X1                     A  
                 INV_X16                    ZN  
                 INV_X16                     A  
                  INV_X2                    ZN  
                  INV_X2                     A  
                 INV_X32                    ZN  
                 INV_X32                     A  
                  INV_X4                    ZN  
                  INV_X4                     A  
                  INV_X8                    ZN  
                  INV_X8                     A  
               LOGIC0_X1                     Z  
               LOGIC1_X1                     Z  
                 MUX2_X1                     Z  
                 MUX2_X1                     S  
                 MUX2_X1                     B  
                 MUX2_X1                     A  
                 MUX2_X2                     Z  
                 MUX2_X2                     S  
                 MUX2_X2                     B  
                 MUX2_X2                     A  
                NAND2_X1                    ZN  
                NAND2_X1                    A2  
                NAND2_X1                    A1  
                NAND2_X2                    ZN  
                NAND2_X2                    A2  
                NAND2_X2                    A1  
                NAND2_X4                    ZN  
                NAND2_X4                    A2  
                NAND2_X4                    A1  
                NAND3_X1                    ZN  
                NAND3_X1                    A3  
                NAND3_X1                    A2  
                NAND3_X1                    A1  
                NAND3_X2                    ZN  
                NAND3_X2                    A3  
                NAND3_X2                    A2  
                NAND3_X2                    A1  
                NAND3_X4                    ZN  
                NAND3_X4                    A3  
                NAND3_X4                    A2  
                NAND3_X4                    A1  
                NAND4_X1                    ZN  
                NAND4_X1                    A4  
                NAND4_X1                    A3  
                NAND4_X1                    A2  
                NAND4_X1                    A1  
                NAND4_X2                    ZN  
                NAND4_X2                    A4  
                NAND4_X2                    A3  
                NAND4_X2                    A2  
                NAND4_X2                    A1  
                NAND4_X4                    ZN  
                NAND4_X4                    A4  
                NAND4_X4                    A3  
                NAND4_X4                    A2  
                NAND4_X4                    A1  
                 NOR2_X1                    ZN  
                 NOR2_X1                    A2  
                 NOR2_X1                    A1  
                 NOR2_X2                    ZN  
                 NOR2_X2                    A2  
                 NOR2_X2                    A1  
                 NOR2_X4                    ZN  
                 NOR2_X4                    A2  
                 NOR2_X4                    A1  
                 NOR3_X1                    ZN  
                 NOR3_X1                    A3  
                 NOR3_X1                    A2  
                 NOR3_X1                    A1  
                 NOR3_X2                    ZN  
                 NOR3_X2                    A3  
                 NOR3_X2                    A2  
                 NOR3_X2                    A1  
                 NOR3_X4                    ZN  
                 NOR3_X4                    A3  
                 NOR3_X4                    A2  
                 NOR3_X4                    A1  
                 NOR4_X1                    ZN  
                 NOR4_X1                    A4  
                 NOR4_X1                    A3  
                 NOR4_X1                    A2  
                 NOR4_X1                    A1  
                 NOR4_X2                    ZN  
                 NOR4_X2                    A4  
                 NOR4_X2                    A3  
                 NOR4_X2                    A2  
                 NOR4_X2                    A1  
                 NOR4_X4                    ZN  
                 NOR4_X4                    A4  
                 NOR4_X4                    A3  
                 NOR4_X4                    A2  
                 NOR4_X4                    A1  
               OAI211_X1                    ZN  
               OAI211_X1                    C2  
               OAI211_X1                    C1  
               OAI211_X1                     B  
               OAI211_X1                     A  
               OAI211_X2                    ZN  
               OAI211_X2                    C2  
               OAI211_X2                    C1  
               OAI211_X2                     B  
               OAI211_X2                     A  
               OAI211_X4                    ZN  
               OAI211_X4                    C2  
               OAI211_X4                    C1  
               OAI211_X4                     B  
               OAI211_X4                     A  
                OAI21_X1                    ZN  
                OAI21_X1                    B2  
                OAI21_X1                    B1  
                OAI21_X1                     A  
                OAI21_X2                    ZN  
                OAI21_X2                    B2  
                OAI21_X2                    B1  
                OAI21_X2                     A  
                OAI21_X4                    ZN  
                OAI21_X4                    B2  
                OAI21_X4                    B1  
                OAI21_X4                     A  
               OAI221_X1                    ZN  
               OAI221_X1                    C2  
               OAI221_X1                    C1  
               OAI221_X1                    B2  
               OAI221_X1                    B1  
               OAI221_X1                     A  
               OAI221_X2                    ZN  
               OAI221_X2                    C2  
               OAI221_X2                    C1  
               OAI221_X2                    B2  
               OAI221_X2                    B1  
               OAI221_X2                     A  
               OAI221_X4                    ZN  
               OAI221_X4                    C2  
               OAI221_X4                    C1  
               OAI221_X4                    B2  
               OAI221_X4                    B1  
               OAI221_X4                     A  
               OAI222_X1                    ZN  
               OAI222_X1                    C2  
               OAI222_X1                    C1  
               OAI222_X1                    B2  
               OAI222_X1                    B1  
               OAI222_X1                    A2  
               OAI222_X1                    A1  
               OAI222_X2                    ZN  
               OAI222_X2                    C2  
               OAI222_X2                    C1  
               OAI222_X2                    B2  
               OAI222_X2                    B1  
               OAI222_X2                    A2  
               OAI222_X2                    A1  
               OAI222_X4                    ZN  
               OAI222_X4                    C2  
               OAI222_X4                    C1  
               OAI222_X4                    B2  
               OAI222_X4                    B1  
               OAI222_X4                    A2  
               OAI222_X4                    A1  
                OAI22_X1                    ZN  
                OAI22_X1                    B2  
                OAI22_X1                    B1  
                OAI22_X1                    A2  
                OAI22_X1                    A1  
                OAI22_X2                    ZN  
                OAI22_X2                    B2  
                OAI22_X2                    B1  
                OAI22_X2                    A2  
                OAI22_X2                    A1  
                OAI22_X4                    ZN  
                OAI22_X4                    B2  
                OAI22_X4                    B1  
                OAI22_X4                    A2  
                OAI22_X4                    A1  
                OAI33_X1                    ZN  
                OAI33_X1                    B3  
                OAI33_X1                    B2  
                OAI33_X1                    B1  
                OAI33_X1                    A3  
                OAI33_X1                    A2  
                OAI33_X1                    A1  
                  OR2_X1                    ZN  
                  OR2_X1                    A2  
                  OR2_X1                    A1  
                  OR2_X2                    ZN  
                  OR2_X2                    A2  
                  OR2_X2                    A1  
                  OR2_X4                    ZN  
                  OR2_X4                    A2  
                  OR2_X4                    A1  
                  OR3_X1                    ZN  
                  OR3_X1                    A3  
                  OR3_X1                    A2  
                  OR3_X1                    A1  
                  OR3_X2                    ZN  
                  OR3_X2                    A3  
                  OR3_X2                    A2  
                  OR3_X2                    A1  
                  OR3_X4                    ZN  
                  OR3_X4                    A3  
                  OR3_X4                    A2  
                  OR3_X4                    A1  
                  OR4_X1                    ZN  
                  OR4_X1                    A4  
                  OR4_X1                    A3  
                  OR4_X1                    A2  
                  OR4_X1                    A1  
                  OR4_X2                    ZN  
                  OR4_X2                    A4  
                  OR4_X2                    A3  
                  OR4_X2                    A2  
                  OR4_X2                    A1  
                  OR4_X4                    ZN  
                  OR4_X4                    A4  
                  OR4_X4                    A3  
                  OR4_X4                    A2  
                  OR4_X4                    A1  
               SDFFRS_X1                    QN  
               SDFFRS_X1                     Q  
               SDFFRS_X1                    CK  
               SDFFRS_X1                    SN  
               SDFFRS_X1                    SI  
               SDFFRS_X1                    SE  
               SDFFRS_X1                    RN  
               SDFFRS_X1                     D  
               SDFFRS_X2                    QN  
               SDFFRS_X2                     Q  
               SDFFRS_X2                    CK  
               SDFFRS_X2                    SN  
               SDFFRS_X2                    SI  
               SDFFRS_X2                    SE  
               SDFFRS_X2                    RN  
               SDFFRS_X2                     D  
                SDFFR_X1                    QN  
                SDFFR_X1                     Q  
                SDFFR_X1                    CK  
                SDFFR_X1                    SI  
                SDFFR_X1                    SE  
                SDFFR_X1                    RN  
                SDFFR_X1                     D  
                SDFFR_X2                    QN  
                SDFFR_X2                     Q  
                SDFFR_X2                    CK  
                SDFFR_X2                    SI  
                SDFFR_X2                    SE  
                SDFFR_X2                    RN  
                SDFFR_X2                     D  
                SDFFS_X1                    QN  
                SDFFS_X1                     Q  
                SDFFS_X1                    CK  
                SDFFS_X1                    SN  
                SDFFS_X1                    SI  
                SDFFS_X1                    SE  
                SDFFS_X1                     D  
                SDFFS_X2                    QN  
                SDFFS_X2                     Q  
                SDFFS_X2                    CK  
                SDFFS_X2                    SN  
                SDFFS_X2                    SI  
                SDFFS_X2                    SE  
                SDFFS_X2                     D  
                 SDFF_X1                    QN  
                 SDFF_X1                     Q  
                 SDFF_X1                    CK  
                 SDFF_X1                    SI  
                 SDFF_X1                    SE  
                 SDFF_X1                     D  
                 SDFF_X2                    QN  
                 SDFF_X2                     Q  
                 SDFF_X2                    CK  
                 SDFF_X2                    SI  
                 SDFF_X2                    SE  
                 SDFF_X2                     D  
                 TBUF_X1                     Z  
                 TBUF_X1                    EN  
                 TBUF_X1                     A  
                TBUF_X16                     Z  
                TBUF_X16                    EN  
                TBUF_X16                     A  
                 TBUF_X2                     Z  
                 TBUF_X2                    EN  
                 TBUF_X2                     A  
                 TBUF_X4                     Z  
                 TBUF_X4                    EN  
                 TBUF_X4                     A  
                 TBUF_X8                     Z  
                 TBUF_X8                    EN  
                 TBUF_X8                     A  
                 TINV_X1                    ZN  
                 TINV_X1                     I  
                 TINV_X1                    EN  
                 TLAT_X1                     Q  
                 TLAT_X1                    OE  
                 TLAT_X1                     G  
                 TLAT_X1                     D  
                XNOR2_X1                    ZN  
                XNOR2_X1                     B  
                XNOR2_X1                     A  
                XNOR2_X2                    ZN  
                XNOR2_X2                     B  
                XNOR2_X2                     A  
                 XOR2_X1                     Z  
                 XOR2_X1                     B  
                 XOR2_X1                     A  
                 XOR2_X2                     Z  
                 XOR2_X2                     B  
                 XOR2_X2                     A  For more information click here  
# Cells Missing LEF Info: 0  
# Cells with Dimension Errors: 0  

==============================
Netlist Information
==============================
# HFO (>200) Nets: 1  
    General Caution:
        1) These nets will affect your zero wireload timing analysis. You should cross-reference this list against your timing report to see if these nets are the reason for failing paths. Since physical buffer trees will be created during optimization, large delays should be reduced.

        2) Consider using CTS to build physical trees for these nets, if you are not satisfied with the default optimization output.

    HFO (>200) Nets  Fanout  
              clock     215  
# No-driven Nets: 37  
    General Caution:
        1) TODO
    No-driven Nets  
    sub_111/CO  
    r473/CO  
    r474/CO  
    r475/CO  
    r477/CO  
    r479/CO  
    r481/CO  
    r483/CO  
    r485/CO  
    r487/CO  
    r489/CO  
    r491/CO  
    add_122/CO  
    r493/CO  
    r496/NE  
    r496/GE  
    r496/LE  
    sub_273/CO  
    add_348/CO  
    add_368/CO  
    sub_388/CO  
    sub_408/CO  
    add_428/CO  
    sub_448/CO  
    add_468/CO  
    sub_488/CO  
    reg3[0]  
    SYNOPSYS_UNCONNECTED_3  
    SYNOPSYS_UNCONNECTED_2  
    SYNOPSYS_UNCONNECTED_1  
    r496/B[30]  
    r479/B[0]  
    r485/B[0]  
    r489/B[0]  
    add_368/B[0]  
    add_122/SUM[1]  
    add_122/SUM[2]  
# Multi-driven Nets: 0  
# Assign Statements: 0  
Is Design Uniquified: YES  
# Pins in Netlist without timing lib: 0  

==============================

==============================
: Internal  External  
No of Nets:       5579           0  
No of Connections:      12399           0  
Total Net Length (X): 3.1192e+04  0.0000e+00  
Total Net Length (Y): 2.9033e+04  0.0000e+00  
Total Net Length: 6.0226e+04  0.0000e+00  

==============================
Timing Information
==============================
# Clocks in design: 
    ------------------------------
    Clocks in Design
    ------------------------------
    default/clock  1  
# Generated clocks: 0  
# "dont_use" cells from .libs: 
    ------------------------------
    Dont_use Cell List
    ------------------------------
    ANTENNA_X1  
    FILLCELL_X1  
    FILLCELL_X16  
    FILLCELL_X2  
    FILLCELL_X32  
    FILLCELL_X4  
    FILLCELL_X8  
    LOGIC0_X1  
    LOGIC1_X1  9  
# "dont_touch" cells from .libs: 
    ------------------------------
    Dont_touch Cell List
    ------------------------------
    ANTENNA_X1  
    FILLCELL_X1  
    FILLCELL_X16  
    FILLCELL_X2  
    FILLCELL_X32  
    FILLCELL_X4  
    FILLCELL_X8  
    LOGIC0_X1  
    LOGIC1_X1  9  
# Cells in .lib with max_tran: 
    ------------------------------
    Cell List with max_tran
    ------------------------------
               Cell Name  Max Transition (ps)  
                 AND2_X1  198  
                 AND2_X2  198  
                 AND2_X4  198  
                 AND3_X1  198  
                 AND3_X2  198  
                 AND3_X4  198  
                 AND4_X1  198  
                 AND4_X2  198  
                 AND4_X4  198  
              ANTENNA_X1  198  
               AOI211_X1  198  
               AOI211_X2  198  
               AOI211_X4  198  
                AOI21_X1  198  
                AOI21_X2  198  
                AOI21_X4  198  
               AOI221_X1  198  
               AOI221_X2  198  
               AOI221_X4  198  
               AOI222_X1  198  
               AOI222_X2  198  
               AOI222_X4  198  
                AOI22_X1  198  
                AOI22_X2  198  
                AOI22_X4  198  
                  BUF_X1  198  
                 BUF_X16  198  
                  BUF_X2  198  
                 BUF_X32  198  
                  BUF_X4  198  
                  BUF_X8  198  
               CLKBUF_X1  198  
               CLKBUF_X2  198  
               CLKBUF_X3  198  
           CLKGATETST_X1  198  
           CLKGATETST_X2  198  
           CLKGATETST_X4  198  
           CLKGATETST_X8  198  
              CLKGATE_X1  198  
              CLKGATE_X2  198  
              CLKGATE_X4  198  
              CLKGATE_X8  198  
                DFFRS_X1  198  
                DFFRS_X2  198  
                 DFFR_X1  198  
                 DFFR_X2  198  
                 DFFS_X1  198  
                 DFFS_X2  198  
                  DFF_X1  198  
                  DFF_X2  198  
                  DLH_X1  198  
                  DLH_X2  198  
                  DLL_X1  198  
                  DLL_X2  198  
                   FA_X1  198  
                   HA_X1  198  
                  INV_X1  198  
                 INV_X16  198  
                  INV_X2  198  
                 INV_X32  198  
                  INV_X4  198  
                  INV_X8  198  
               LOGIC0_X1  198  
               LOGIC1_X1  198  
                 MUX2_X1  198  
                 MUX2_X2  198  
                NAND2_X1  198  
                NAND2_X2  198  
                NAND2_X4  198  
                NAND3_X1  198  
                NAND3_X2  198  
                NAND3_X4  198  
                NAND4_X1  198  
                NAND4_X2  198  
                NAND4_X4  198  
                 NOR2_X1  198  
                 NOR2_X2  198  
                 NOR2_X4  198  
                 NOR3_X1  198  
                 NOR3_X2  198  
                 NOR3_X4  198  
                 NOR4_X1  198  
                 NOR4_X2  198  
                 NOR4_X4  198  
               OAI211_X1  198  
               OAI211_X2  198  
               OAI211_X4  198  
                OAI21_X1  198  
                OAI21_X2  198  
                OAI21_X4  198  
               OAI221_X1  198  
               OAI221_X2  198  
               OAI221_X4  198  
               OAI222_X1  198  
               OAI222_X2  198  
               OAI222_X4  198  
                OAI22_X1  198  
                OAI22_X2  198  
                OAI22_X4  198  
                OAI33_X1  198  
                  OR2_X1  198  
                  OR2_X2  198  
                  OR2_X4  198  
                  OR3_X1  198  
                  OR3_X2  198  
                  OR3_X4  198  
                  OR4_X1  198  
                  OR4_X2  198  
                  OR4_X4  198  
               SDFFRS_X1  198  
               SDFFRS_X2  198  
                SDFFR_X1  198  
                SDFFR_X2  198  
                SDFFS_X1  198  
                SDFFS_X2  198  
                 SDFF_X1  198  
                 SDFF_X2  198  
                 TBUF_X1  198  
                TBUF_X16  198  
                 TBUF_X2  198  
                 TBUF_X4  198  
                 TBUF_X8  198  
                 TINV_X1  198  
                 TLAT_X1  198  
                XNOR2_X1  198  
                XNOR2_X2  198  
                 XOR2_X1  198  
                 XOR2_X2  198  128  
# Cells in .lib with max_cap: 
    ------------------------------
    Cell List with max_cap
    ------------------------------
               Cell Name  Max Capacitance (pf)  
                 AND2_X1  0.060577  
                 AND2_X2  0.120850  
                 AND2_X4  0.241699  
                 AND3_X1  0.060425  
                 AND3_X2  0.120544  
                 AND3_X4  0.241089  
                 AND4_X1  0.060272  
                 AND4_X2  0.120392  
                 AND4_X4  0.241089  
               AOI211_X1  0.014496  
               AOI211_X2  0.028992  
               AOI211_X4  0.242310  
                AOI21_X1  0.025330  
                AOI21_X2  0.050659  
                AOI21_X4  0.101013  
               AOI221_X1  0.013809  
               AOI221_X2  0.027618  
               AOI221_X4  0.242310  
               AOI222_X1  0.013008  
               AOI222_X2  0.025635  
               AOI222_X4  0.242310  
                AOI22_X1  0.024605  
                AOI22_X2  0.049133  
                AOI22_X4  0.097961  
                  BUF_X1  0.060654  
                 BUF_X16  0.965576  
                  BUF_X2  0.121155  
                 BUF_X32  1.904300  
                  BUF_X4  0.242310  
                  BUF_X8  0.484009  
               CLKBUF_X1  0.060730  
               CLKBUF_X2  0.121460  
               CLKBUF_X3  0.181885  
           CLKGATETST_X1  0.060730  
           CLKGATETST_X2  0.121460  
           CLKGATETST_X4  0.242920  
           CLKGATETST_X8  0.484619  
              CLKGATE_X1  0.060730  
              CLKGATE_X2  0.121307  
              CLKGATE_X4  0.242310  
              CLKGATE_X8  0.484619  
                DFFRS_X1  0.060272  
                DFFRS_X2  0.120850  
                 DFFR_X1  0.060272  
                 DFFR_X2  0.120544  
                 DFFS_X1  0.060272  
                 DFFS_X2  0.120544  
                  DFF_X1  0.060272  
                  DFF_X2  0.120544  
                  DLH_X1  0.060577  
                  DLH_X2  0.120697  
                  DLL_X1  0.060272  
                  DLL_X2  0.120544  
                   FA_X1  0.060272  
                   HA_X1  0.025253  
                  INV_X1  0.060730  
                 INV_X16  0.969238  
                  INV_X2  0.121460  
                 INV_X32  1.923830  
                  INV_X4  0.242920  
                  INV_X8  0.485229  
                 MUX2_X1  0.060501  
                 MUX2_X2  0.120850  
                NAND2_X1  0.059357  
                NAND2_X2  0.118713  
                NAND2_X4  0.237427  
                NAND3_X1  0.058365  
                NAND3_X2  0.116272  
                NAND3_X4  0.233154  
                NAND4_X1  0.056000  
                NAND4_X2  0.111542  
                NAND4_X4  0.222778  
                 NOR2_X1  0.026703  
                 NOR2_X2  0.053406  
                 NOR2_X4  0.106811  
                 NOR3_X1  0.016022  
                 NOR3_X2  0.031738  
                 NOR3_X4  0.063324  
                 NOR4_X1  0.010471  
                 NOR4_X2  0.020905  
                 NOR4_X4  0.041504  
               OAI211_X1  0.025559  
               OAI211_X2  0.050812  
               OAI211_X4  0.101624  
                OAI21_X1  0.026054  
                OAI21_X2  0.052109  
                OAI21_X4  0.104065  
               OAI221_X1  0.022163  
               OAI221_X2  0.043869  
               OAI221_X4  0.242310  
               OAI222_X1  0.020065  
               OAI222_X2  0.039597  
               OAI222_X4  0.242310  
                OAI22_X1  0.023232  
                OAI22_X2  0.046310  
                OAI22_X4  0.092468  
                OAI33_X1  0.011482  
                  OR2_X1  0.060577  
                  OR2_X2  0.121155  
                  OR2_X4  0.242310  
                  OR3_X1  0.060577  
                  OR3_X2  0.121155  
                  OR3_X4  0.242310  
                  OR4_X1  0.060577  
                  OR4_X2  0.120850  
                  OR4_X4  0.241699  
               SDFFRS_X1  0.060577  
               SDFFRS_X2  0.120850  
                SDFFR_X1  0.060425  
                SDFFR_X2  0.121155  
                SDFFS_X1  0.060577  
                SDFFS_X2  0.120850  
                 SDFF_X1  0.060425  
                 SDFF_X2  0.121155  
                 TBUF_X1  0.051575  
                TBUF_X16  0.820312  
                 TBUF_X2  0.103607  
                 TBUF_X4  0.206909  
                 TBUF_X8  0.412598  
                 TINV_X1  0.022621  
                 TLAT_X1  0.022583  
                XNOR2_X1  0.026016  
                XNOR2_X2  0.052033  
                 XOR2_X1  0.025330  
                 XOR2_X2  0.050507  125  
# Cells in .lib with max_fanout: 0  
SDC max_cap: 0.020000 pf  
SDC max_tran: 2000.000000 ps  
SDC max_fanout: 30  
Default Ext. Scale Factor: 1.000  
Detail Ext. Scale Factor: 1.000  

==============================
Floorplan/Placement Information
==============================
Total area of Standard cells: 7584.192 um^2  
Total area of Standard cells(Subtracting Physical Cells): 7584.192 um^2  
Total area of Macros: 0.000 um^2  
Total area of Blockages: 0.000 um^2  
Total area of Pad cells: 0.000 um^2  
Total area of Core: 16189.345 um^2  
Total area of Chip: 16314.844 um^2  
Effective Utilization: 4.7003e-01  
Number of Cell Rows: 90  
% Pure Gate Density #1 (Subtracting BLOCKAGES): 46.847%  
% Pure Gate Density #2 (Subtracting BLOCKAGES and Physical Cells): 46.847%  
% Pure Gate Density #3 (Subtracting MACROS): 46.847%  
% Pure Gate Density #4 (Subtracting MACROS and Physical Cells): 46.847%  
% Pure Gate Density #5 (Subtracting MACROS and BLOCKAGES): 46.847%  
% Pure Gate Density #6 ((Unpreplaced Standard Inst + Unpreplaced Block Inst + Unpreplaced Black Blob Inst + Fixed Clock Inst Area) / (Free Site Area + Fixed Clock Inst Area) for insts are placed): 47.003%  
% Core Density (Counting Std Cells and MACROs): 46.847%  
% Core Density #2(Subtracting Physical Cells): 46.847%  
% Chip Density (Counting Std Cells and MACROs and IOs): 46.486%  
% Chip Density #2(Subtracting Physical Cells): 46.486%  
# Macros within 5 sites of IO pad: No  
Macro halo defined?: No  

==============================
Wire Length Distribution
==============================
Total metal1 wire length: 0.0000 um  
Total metal2 wire length: 15216.4500 um  
Total metal3 wire length: 26836.6000 um  
Total metal4 wire length: 12382.5450 um  
Total metal5 wire length: 4870.0800 um  
Total metal6 wire length: 3588.1600 um  
Total metal7 wire length: 14.8400 um  
Total metal8 wire length: 16.3000 um  
Total metal9 wire length: 0.0000 um  
Total metal10 wire length: 0.0000 um  
Total wire length: 62924.9750 um  
Average wire length/net: 10.8398 um  
Area of Power Net Distribution: 
    ------------------------------
    Area of Power Net Distribution
    ------------------------------
    Layer Name  Area of Power Net  Routable Area  Percentage  
    metal1  1001.4292  16189.3452  6.1857%  
    metal2  0.0000  16189.3452  0.0000%  
    metal3  72.0000  16189.3452  0.4447%  
    metal4  0.0000  16189.3452  0.0000%  
    metal5  0.0000  16189.3452  0.0000%  
    metal6  0.0000  16189.3452  0.0000%  
    metal7  2046.9650  16189.3452  12.6439%  
    metal8  1613.5200  16189.3452  9.9666%  
    metal9  0.0000  16189.3452  0.0000%  
    metal10  0.0000  16189.3452  0.0000%  For more information click here  
