###############################################################
#  Generated by:      Cadence Innovus 21.13-s100_1
#  OS:                Linux x86_64(Host ID acf3030)
#  Generated on:      Thu Oct 27 19:11:23 2022
#  Design:            b14
#  Command:           verify_drc -limit 1000 -report ./pnr_reports/route.drc0.rpt
###############################################################

SHORT: ( Metal Short ) Regular Wire of Net CTS_17 & Blockage of Cell reg2_reg_4_  ( metal1 )
Bounds : ( 49.060, 80.255 ) ( 49.130, 80.325 )


SHORT: ( Metal Short ) Regular Wire of Net datai[5] & Special Wire of Net VDD  ( metal5 )
Bounds : ( 0.095, 107.295 ) ( 0.140, 107.380 )


SHORT: ( Metal Short ) Regular Wire of Net datai[12] & Special Wire of Net VDD  ( metal6 )
Bounds : ( 0.280, 79.520 ) ( 0.445, 79.580 )


SHORT: ( Metal Short ) Regular Wire of Net datai[7] & Special Wire of Net VDD  ( metal6 )
Bounds : ( 0.280, 99.120 ) ( 0.445, 99.180 )


SHORT: ( Metal Short ) Regular Wire of Net datai[0] & Special Wire of Net VDD  ( metal6 )
Bounds : ( 0.280, 127.120 ) ( 0.445, 127.180 )


SHORT: ( Metal Short ) Regular Wire of Net datai[0] & Special Wire of Net VDD  ( metal6 )
Bounds : ( 0.305, 126.780 ) ( 0.445, 127.180 )


SPACING: ( ParallelRunLength Spacing ) Regular Wire of Net CTS_17  ( metal1 )
Bounds : ( 49.185, 80.255 ) ( 49.195, 80.325 )


SPACING: ( ParallelRunLength Spacing ) Regular Wire of Net CTS_17  ( metal2 )
Bounds : ( 39.840, 78.400 ) ( 39.885, 78.540 )


SHORT: ( Metal Short ) Regular Wire of Net CTS_12 & Blockage of Cell reg0_reg_9_  ( metal1 )
Bounds : ( 66.160, 78.435 ) ( 66.285, 78.475 )


SHORT: ( Metal Short ) Regular Wire of Net CTS_12 & Blockage of Cell reg0_reg_9_  ( metal1 )
Bounds : ( 66.160, 78.435 ) ( 66.230, 78.505 )


SPACING: ( ParallelRunLength Spacing ) Regular Wire of Net CTS_16 & Pin of Cell U5971  ( metal1 )
Bounds : ( 43.025, 50.405 ) ( 43.105, 50.435 )


SHORT: ( Metal Short ) Regular Wire of Net datai[17] & Special Wire of Net VDD  ( metal6 )
Bounds : ( 0.305, 59.580 ) ( 0.445, 59.780 )


SHORT: ( Metal Short ) Regular Wire of Net datai[29] & Special Wire of Net VDD  ( metal6 )
Bounds : ( 0.305, 11.980 ) ( 0.445, 12.180 )


SHORT: ( Metal Short ) Regular Wire of Net datai[17] & Special Wire of Net VDD  ( metal6 )
Bounds : ( 0.280, 59.640 ) ( 0.445, 59.780 )


SHORT: ( Metal Short ) Regular Wire of Net datai[24] & Special Wire of Net VDD  ( metal6 )
Bounds : ( 0.280, 31.920 ) ( 0.445, 31.980 )


SHORT: ( Metal Short ) Regular Wire of Net datai[29] & Special Wire of Net VDD  ( metal6 )
Bounds : ( 0.280, 12.040 ) ( 0.445, 12.180 )


SHORT: ( Metal Short ) Regular Wire of Net CTS_14 & Blockage of Cell reg0_reg_16_  ( metal1 )
Bounds : ( 64.660, 53.235 ) ( 64.730, 53.305 )


SHORT: ( Metal Short ) Regular Wire of Net CTS_14 & Blockage of Cell reg0_reg_16_  ( metal1 )
Bounds : ( 64.625, 53.235 ) ( 64.730, 53.275 )


SHORT: ( Metal Short ) Regular Wire of Net CTS_21 & Blockage of Cell reg2_reg_21_  ( metal1 )
Bounds : ( 63.880, 42.035 ) ( 63.950, 42.105 )


SHORT: ( Metal Short ) Regular Wire of Net CTS_21 & Blockage of Cell reg2_reg_21_  ( metal1 )
Bounds : ( 63.880, 42.035 ) ( 64.005, 42.075 )


SHORT: ( Metal Short ) Regular Wire of Net CTS_15 & Blockage of Cell reg2_reg_22_  ( metal1 )
Bounds : ( 58.750, 42.035 ) ( 58.820, 42.105 )


SHORT: ( Metal Short ) Regular Wire of Net CTS_15 & Blockage of Cell reg2_reg_22_  ( metal1 )
Bounds : ( 58.750, 42.035 ) ( 58.875, 42.075 )


SHORT: ( Metal Short ) Regular Wire of Net CTS_15 & Blockage of Cell reg2_reg_23_  ( metal1 )
Bounds : ( 58.220, 42.035 ) ( 58.290, 42.105 )


SHORT: ( Metal Short ) Regular Wire of Net CTS_16 & Pin of Cell U5971  ( metal1 )
Bounds : ( 43.000, 50.505 ) ( 43.105, 50.505 )


SPACING: ( ParallelRunLength Spacing ) Regular Wire of Net CTS_15  ( metal1 )
Bounds : ( 58.155, 42.035 ) ( 58.165, 42.105 )


SPACING: ( ParallelRunLength Spacing ) Regular Wire of Net CTS_14 & Blockage of Cell reg0_reg_16_  ( metal1 )
Bounds : ( 64.765, 53.235 ) ( 64.795, 53.305 )


SHORT: ( Metal Short ) Regular Wire of Net CTS_21 & Blockage of Cell reg2_reg_20_  ( metal1 )
Bounds : ( 67.870, 42.035 ) ( 67.940, 42.105 )


SPACING: ( ParallelRunLength Spacing ) Regular Wire of Net CTS_21  ( metal1 )
Bounds : ( 67.995, 42.035 ) ( 68.005, 42.105 )


  Total Violations : 28 Viols.
