###############################################################
#  Generated by:      Cadence Innovus 21.13-s100_1
#  OS:                Linux x86_64(Host ID acf3030)
#  Generated on:      Thu Oct 27 19:11:55 2022
#  Design:            b14
#  Command:           verifyConnectivity -useNewOpenVio -removeOldOpenVio -allPGPinPort -report ./pnr_reports/route.connect_pg1.rpt
###############################################################
Verify Connectivity Report is created on Thu Oct 27 19:11:55 2022



Net CTS_21: dangling Wire at (67.925, 42.070) (67.925, 42.070) on layer: metal1
Net CTS_21: dangling Wire at (63.935, 42.070) (63.935, 42.070) on layer: metal1
Net CTS_17: dangling Wire at (49.115, 80.290) (49.115, 80.290) on layer: metal1
Net CTS_16: dangling Wire at (43.035, 50.470) (43.035, 50.470) on layer: metal1
Net CTS_15: dangling Wire at (58.805, 42.070) (58.805, 42.070) on layer: metal1
Net CTS_15: dangling Wire at (58.235, 42.070) (58.235, 42.070) on layer: metal1
Net CTS_14: dangling Wire at (72.105, 57.890) (72.105, 57.890) on layer: metal1
Net CTS_14: dangling Wire at (64.695, 53.270) (64.695, 53.270) on layer: metal1
Net CTS_12: dangling Wire at (66.215, 78.470) (66.215, 78.470) on layer: metal1
Net CTS_5: dangling Wire at (119.985, 88.690) (119.985, 88.690) on layer: metal1
Net VDD: dangling Wire at (0.000, 0.980) (0.000, 0.980) on layer: metal1
Net VDD: dangling Wire at (128.060, 0.980) (128.060, 0.980) on layer: metal1
Net VDD: dangling Wire at (0.000, 3.780) (0.000, 3.780) on layer: metal1
Net VDD: dangling Wire at (128.060, 3.780) (128.060, 3.780) on layer: metal1
Net VDD: dangling Wire at (0.000, 6.580) (0.000, 6.580) on layer: metal1
Net VDD: dangling Wire at (128.060, 6.580) (128.060, 6.580) on layer: metal1
Net VDD: dangling Wire at (0.000, 9.380) (0.000, 9.380) on layer: metal1
Net VDD: dangling Wire at (128.060, 9.380) (128.060, 9.380) on layer: metal1
Net VDD: dangling Wire at (0.000, 12.180) (0.000, 12.180) on layer: metal1
Net VDD: dangling Wire at (128.060, 12.180) (128.060, 12.180) on layer: metal1
Net VDD: dangling Wire at (0.000, 14.980) (0.000, 14.980) on layer: metal1
Net VDD: dangling Wire at (128.060, 14.980) (128.060, 14.980) on layer: metal1
Net VDD: dangling Wire at (0.000, 17.780) (0.000, 17.780) on layer: metal1
Net VDD: dangling Wire at (128.060, 17.780) (128.060, 17.780) on layer: metal1
Net VDD: dangling Wire at (0.000, 20.580) (0.000, 20.580) on layer: metal1
Net VDD: dangling Wire at (128.060, 20.580) (128.060, 20.580) on layer: metal1
Net VDD: dangling Wire at (0.000, 23.380) (0.000, 23.380) on layer: metal1
Net VDD: dangling Wire at (128.060, 23.380) (128.060, 23.380) on layer: metal1
Net VDD: dangling Wire at (0.000, 26.180) (0.000, 26.180) on layer: metal1
Net VDD: dangling Wire at (128.060, 26.180) (128.060, 26.180) on layer: metal1
Net VDD: dangling Wire at (0.000, 28.980) (0.000, 28.980) on layer: metal1
Net VDD: dangling Wire at (128.060, 28.980) (128.060, 28.980) on layer: metal1
Net VDD: dangling Wire at (0.000, 31.780) (0.000, 31.780) on layer: metal1
Net VDD: dangling Wire at (128.060, 31.780) (128.060, 31.780) on layer: metal1
Net VDD: dangling Wire at (0.000, 34.580) (0.000, 34.580) on layer: metal1
Net VDD: dangling Wire at (128.060, 34.580) (128.060, 34.580) on layer: metal1
Net VDD: dangling Wire at (0.000, 37.380) (0.000, 37.380) on layer: metal1
Net VDD: dangling Wire at (128.060, 37.380) (128.060, 37.380) on layer: metal1
Net VDD: dangling Wire at (0.000, 40.180) (0.000, 40.180) on layer: metal1
Net VDD: dangling Wire at (128.060, 40.180) (128.060, 40.180) on layer: metal1
Net VDD: dangling Wire at (0.000, 42.980) (0.000, 42.980) on layer: metal1
Net VDD: dangling Wire at (128.060, 42.980) (128.060, 42.980) on layer: metal1
Net VDD: dangling Wire at (0.000, 45.780) (0.000, 45.780) on layer: metal1
Net VDD: dangling Wire at (128.060, 45.780) (128.060, 45.780) on layer: metal1
Net VDD: dangling Wire at (0.000, 48.580) (0.000, 48.580) on layer: metal1
Net VDD: dangling Wire at (128.060, 48.580) (128.060, 48.580) on layer: metal1
Net VDD: dangling Wire at (0.000, 51.380) (0.000, 51.380) on layer: metal1
Net VDD: dangling Wire at (128.060, 51.380) (128.060, 51.380) on layer: metal1
Net VDD: dangling Wire at (0.000, 54.180) (0.000, 54.180) on layer: metal1
Net VDD: dangling Wire at (128.060, 54.180) (128.060, 54.180) on layer: metal1
Net VDD: dangling Wire at (0.000, 56.980) (0.000, 56.980) on layer: metal1
Net VDD: dangling Wire at (128.060, 56.980) (128.060, 56.980) on layer: metal1
Net VDD: dangling Wire at (0.000, 59.780) (0.000, 59.780) on layer: metal1
Net VDD: dangling Wire at (128.060, 59.780) (128.060, 59.780) on layer: metal1
Net VDD: dangling Wire at (0.000, 62.580) (0.000, 62.580) on layer: metal1
Net VDD: dangling Wire at (128.060, 62.580) (128.060, 62.580) on layer: metal1
Net VDD: dangling Wire at (0.000, 65.380) (0.000, 65.380) on layer: metal1
Net VDD: dangling Wire at (128.060, 65.380) (128.060, 65.380) on layer: metal1
Net VDD: dangling Wire at (0.000, 68.180) (0.000, 68.180) on layer: metal1
Net VDD: dangling Wire at (128.060, 68.180) (128.060, 68.180) on layer: metal1
Net VDD: dangling Wire at (0.000, 70.980) (0.000, 70.980) on layer: metal1
Net VDD: dangling Wire at (128.060, 70.980) (128.060, 70.980) on layer: metal1
Net VDD: dangling Wire at (0.000, 73.780) (0.000, 73.780) on layer: metal1
Net VDD: dangling Wire at (128.060, 73.780) (128.060, 73.780) on layer: metal1
Net VDD: dangling Wire at (0.000, 76.580) (0.000, 76.580) on layer: metal1
Net VDD: dangling Wire at (128.060, 76.580) (128.060, 76.580) on layer: metal1
Net VDD: dangling Wire at (0.000, 79.380) (0.000, 79.380) on layer: metal1
Net VDD: dangling Wire at (128.060, 79.380) (128.060, 79.380) on layer: metal1
Net VDD: dangling Wire at (0.000, 82.180) (0.000, 82.180) on layer: metal1
Net VDD: dangling Wire at (128.060, 82.180) (128.060, 82.180) on layer: metal1
Net VDD: dangling Wire at (0.000, 84.980) (0.000, 84.980) on layer: metal1
Net VDD: dangling Wire at (128.060, 84.980) (128.060, 84.980) on layer: metal1
Net VDD: dangling Wire at (0.000, 87.780) (0.000, 87.780) on layer: metal1
Net VDD: dangling Wire at (128.060, 87.780) (128.060, 87.780) on layer: metal1
Net VDD: dangling Wire at (0.000, 90.580) (0.000, 90.580) on layer: metal1
Net VDD: dangling Wire at (128.060, 90.580) (128.060, 90.580) on layer: metal1
Net VDD: dangling Wire at (0.000, 93.380) (0.000, 93.380) on layer: metal1
Net VDD: dangling Wire at (128.060, 93.380) (128.060, 93.380) on layer: metal1
Net VDD: dangling Wire at (0.000, 96.180) (0.000, 96.180) on layer: metal1
Net VDD: dangling Wire at (128.060, 96.180) (128.060, 96.180) on layer: metal1
Net VDD: dangling Wire at (0.000, 98.980) (0.000, 98.980) on layer: metal1
Net VDD: dangling Wire at (128.060, 98.980) (128.060, 98.980) on layer: metal1
Net VDD: dangling Wire at (0.000, 101.780) (0.000, 101.780) on layer: metal1
Net VDD: dangling Wire at (128.060, 101.780) (128.060, 101.780) on layer: metal1
Net VDD: dangling Wire at (0.000, 104.580) (0.000, 104.580) on layer: metal1
Net VDD: dangling Wire at (128.060, 104.580) (128.060, 104.580) on layer: metal1
Net VDD: dangling Wire at (0.000, 107.380) (0.000, 107.380) on layer: metal1
Net VDD: dangling Wire at (128.060, 107.380) (128.060, 107.380) on layer: metal1
Net VDD: dangling Wire at (0.000, 110.180) (0.000, 110.180) on layer: metal1
Net VDD: dangling Wire at (128.060, 110.180) (128.060, 110.180) on layer: metal1
Net VDD: dangling Wire at (0.000, 112.980) (0.000, 112.980) on layer: metal1
Net VDD: dangling Wire at (128.060, 112.980) (128.060, 112.980) on layer: metal1
Net VDD: dangling Wire at (0.000, 115.780) (0.000, 115.780) on layer: metal1
Net VDD: dangling Wire at (128.060, 115.780) (128.060, 115.780) on layer: metal1
Net VDD: dangling Wire at (0.000, 118.580) (0.000, 118.580) on layer: metal1
Net VDD: dangling Wire at (128.060, 118.580) (128.060, 118.580) on layer: metal1
Net VDD: dangling Wire at (0.000, 121.380) (0.000, 121.380) on layer: metal1
Net VDD: dangling Wire at (128.060, 121.380) (128.060, 121.380) on layer: metal1
Net VDD: dangling Wire at (0.000, 124.180) (0.000, 124.180) on layer: metal1
Net VDD: dangling Wire at (128.060, 124.180) (128.060, 124.180) on layer: metal1
Net VDD: dangling Wire at (0.000, 126.980) (0.000, 126.980) on layer: metal1
Net VDD: dangling Wire at (128.060, 126.980) (128.060, 126.980) on layer: metal1
Net VSS: has regular routing with opens at (22.800, 2.840) (23.560, 4.720)
Net VSS: has regular routing with opens at (24.890, 2.840) (24.890, 10.320)
Net VSS: has regular routing with opens at (68.210, 11.240) (68.400, 13.120)
Net VSS: has regular routing with opens at (59.660, 14.040) (60.230, 113.920)
Net VSS: has regular routing with opens at (84.550, 114.840) (84.550, 116.720)
Net VSS: has regular routing with opens at (45.600, 117.640) (45.980, 122.320)
Net VSS: has regular routing with opens at (28.120, 123.240) (28.500, 125.120)
Net VSS: dangling Wire at (0.000, 2.380) (0.000, 2.380) on layer: metal1
Net VSS: dangling Wire at (128.060, 2.380) (128.060, 2.380) on layer: metal1
Net VSS: dangling Wire at (0.000, 5.180) (0.000, 5.180) on layer: metal1
Net VSS: dangling Wire at (128.060, 5.180) (128.060, 5.180) on layer: metal1
Net VSS: dangling Wire at (0.000, 7.980) (0.000, 7.980) on layer: metal1
Net VSS: dangling Wire at (128.060, 7.980) (128.060, 7.980) on layer: metal1
Net VSS: dangling Wire at (0.000, 10.780) (0.000, 10.780) on layer: metal1
Net VSS: dangling Wire at (128.060, 10.780) (128.060, 10.780) on layer: metal1
Net VSS: dangling Wire at (0.000, 13.580) (0.000, 13.580) on layer: metal1
Net VSS: dangling Wire at (128.060, 13.580) (128.060, 13.580) on layer: metal1
Net VSS: dangling Wire at (0.000, 16.380) (0.000, 16.380) on layer: metal1
Net VSS: dangling Wire at (128.060, 16.380) (128.060, 16.380) on layer: metal1
Net VSS: dangling Wire at (0.000, 19.180) (0.000, 19.180) on layer: metal1
Net VSS: dangling Wire at (128.060, 19.180) (128.060, 19.180) on layer: metal1
Net VSS: dangling Wire at (0.000, 21.980) (0.000, 21.980) on layer: metal1
Net VSS: dangling Wire at (128.060, 21.980) (128.060, 21.980) on layer: metal1
Net VSS: dangling Wire at (0.000, 24.780) (0.000, 24.780) on layer: metal1
Net VSS: dangling Wire at (128.060, 24.780) (128.060, 24.780) on layer: metal1
Net VSS: dangling Wire at (0.000, 27.580) (0.000, 27.580) on layer: metal1
Net VSS: dangling Wire at (128.060, 27.580) (128.060, 27.580) on layer: metal1
Net VSS: dangling Wire at (0.000, 30.380) (0.000, 30.380) on layer: metal1
Net VSS: dangling Wire at (128.060, 30.380) (128.060, 30.380) on layer: metal1
Net VSS: dangling Wire at (0.000, 33.180) (0.000, 33.180) on layer: metal1
Net VSS: dangling Wire at (128.060, 33.180) (128.060, 33.180) on layer: metal1
Net VSS: dangling Wire at (0.000, 35.980) (0.000, 35.980) on layer: metal1
Net VSS: dangling Wire at (128.060, 35.980) (128.060, 35.980) on layer: metal1
Net VSS: dangling Wire at (0.000, 38.780) (0.000, 38.780) on layer: metal1
Net VSS: dangling Wire at (128.060, 38.780) (128.060, 38.780) on layer: metal1
Net VSS: dangling Wire at (0.000, 41.580) (0.000, 41.580) on layer: metal1
Net VSS: dangling Wire at (128.060, 41.580) (128.060, 41.580) on layer: metal1
Net VSS: dangling Wire at (0.000, 44.380) (0.000, 44.380) on layer: metal1
Net VSS: dangling Wire at (128.060, 44.380) (128.060, 44.380) on layer: metal1
Net VSS: dangling Wire at (0.000, 47.180) (0.000, 47.180) on layer: metal1
Net VSS: dangling Wire at (128.060, 47.180) (128.060, 47.180) on layer: metal1
Net VSS: dangling Wire at (0.000, 49.980) (0.000, 49.980) on layer: metal1
Net VSS: dangling Wire at (128.060, 49.980) (128.060, 49.980) on layer: metal1
Net VSS: dangling Wire at (0.000, 52.780) (0.000, 52.780) on layer: metal1
Net VSS: dangling Wire at (128.060, 52.780) (128.060, 52.780) on layer: metal1
Net VSS: dangling Wire at (0.000, 55.580) (0.000, 55.580) on layer: metal1
Net VSS: dangling Wire at (128.060, 55.580) (128.060, 55.580) on layer: metal1
Net VSS: dangling Wire at (0.000, 58.380) (0.000, 58.380) on layer: metal1
Net VSS: dangling Wire at (128.060, 58.380) (128.060, 58.380) on layer: metal1
Net VSS: dangling Wire at (0.000, 61.180) (0.000, 61.180) on layer: metal1
Net VSS: dangling Wire at (128.060, 61.180) (128.060, 61.180) on layer: metal1
Net VSS: dangling Wire at (0.000, 63.980) (0.000, 63.980) on layer: metal1
Net VSS: dangling Wire at (128.060, 63.980) (128.060, 63.980) on layer: metal1
Net VSS: dangling Wire at (0.000, 66.780) (0.000, 66.780) on layer: metal1
Net VSS: dangling Wire at (128.060, 66.780) (128.060, 66.780) on layer: metal1
Net VSS: dangling Wire at (0.000, 69.580) (0.000, 69.580) on layer: metal1
Net VSS: dangling Wire at (128.060, 69.580) (128.060, 69.580) on layer: metal1
Net VSS: dangling Wire at (0.000, 72.380) (0.000, 72.380) on layer: metal1
Net VSS: dangling Wire at (128.060, 72.380) (128.060, 72.380) on layer: metal1
Net VSS: dangling Wire at (0.000, 75.180) (0.000, 75.180) on layer: metal1
Net VSS: dangling Wire at (128.060, 75.180) (128.060, 75.180) on layer: metal1
Net VSS: dangling Wire at (0.000, 77.980) (0.000, 77.980) on layer: metal1
Net VSS: dangling Wire at (128.060, 77.980) (128.060, 77.980) on layer: metal1
Net VSS: dangling Wire at (0.000, 80.780) (0.000, 80.780) on layer: metal1
Net VSS: dangling Wire at (128.060, 80.780) (128.060, 80.780) on layer: metal1
Net VSS: dangling Wire at (0.000, 83.580) (0.000, 83.580) on layer: metal1
Net VSS: dangling Wire at (128.060, 83.580) (128.060, 83.580) on layer: metal1
Net VSS: dangling Wire at (0.000, 86.380) (0.000, 86.380) on layer: metal1
Net VSS: dangling Wire at (128.060, 86.380) (128.060, 86.380) on layer: metal1
Net VSS: dangling Wire at (0.000, 89.180) (0.000, 89.180) on layer: metal1
Net VSS: dangling Wire at (128.060, 89.180) (128.060, 89.180) on layer: metal1
Net VSS: dangling Wire at (0.000, 91.980) (0.000, 91.980) on layer: metal1
Net VSS: dangling Wire at (128.060, 91.980) (128.060, 91.980) on layer: metal1
Net VSS: dangling Wire at (0.000, 94.780) (0.000, 94.780) on layer: metal1
Net VSS: dangling Wire at (128.060, 94.780) (128.060, 94.780) on layer: metal1
Net VSS: dangling Wire at (0.000, 97.580) (0.000, 97.580) on layer: metal1
Net VSS: dangling Wire at (128.060, 97.580) (128.060, 97.580) on layer: metal1
Net VSS: dangling Wire at (0.000, 100.380) (0.000, 100.380) on layer: metal1
Net VSS: dangling Wire at (128.060, 100.380) (128.060, 100.380) on layer: metal1
Net VSS: dangling Wire at (0.000, 103.180) (0.000, 103.180) on layer: metal1
Net VSS: dangling Wire at (128.060, 103.180) (128.060, 103.180) on layer: metal1
Net VSS: dangling Wire at (0.000, 105.980) (0.000, 105.980) on layer: metal1
Net VSS: dangling Wire at (128.060, 105.980) (128.060, 105.980) on layer: metal1
Net VSS: dangling Wire at (0.000, 108.780) (0.000, 108.780) on layer: metal1
Net VSS: dangling Wire at (128.060, 108.780) (128.060, 108.780) on layer: metal1
Net VSS: dangling Wire at (0.000, 111.580) (0.000, 111.580) on layer: metal1
Net VSS: dangling Wire at (128.060, 111.580) (128.060, 111.580) on layer: metal1
Net VSS: dangling Wire at (0.000, 114.380) (0.000, 114.380) on layer: metal1
Net VSS: dangling Wire at (128.060, 114.380) (128.060, 114.380) on layer: metal1
Net VSS: dangling Wire at (0.000, 117.180) (0.000, 117.180) on layer: metal1
Net VSS: dangling Wire at (128.060, 117.180) (128.060, 117.180) on layer: metal1
Net VSS: dangling Wire at (0.000, 119.980) (0.000, 119.980) on layer: metal1
Net VSS: dangling Wire at (128.060, 119.980) (128.060, 119.980) on layer: metal1
Net VSS: dangling Wire at (0.000, 122.780) (0.000, 122.780) on layer: metal1
Net VSS: dangling Wire at (128.060, 122.780) (128.060, 122.780) on layer: metal1
Net VSS: dangling Wire at (0.000, 125.580) (0.000, 125.580) on layer: metal1
Net VSS: dangling Wire at (128.060, 125.580) (128.060, 125.580) on layer: metal1

Begin Summary
    7 Problem(s) (IMPVFC-92): Pieces of the net are not connected together.
    192 Problem(s) (IMPVFC-94): The net has dangling wire(s).
    199 total info(s) created.
End Summary
