###############################################################
#  Generated by:      Cadence Innovus 21.13-s100_1
#  OS:                Linux x86_64(Host ID acf3030)
#  Generated on:      Thu Oct 27 19:12:00 2022
#  Design:            b14
###############################################################

SHORT: Regular Wire of Net datai[7] & Special Via of Net VDD  ( metal6 )
Bounds : ( 0.280, 99.120 ) ( 0.445, 99.180 )


SHORT: Regular Wire of Net datai[5] & Special Via of Net VDD  ( metal5 )
Bounds : ( 0.095, 107.295 ) ( 0.140, 107.380 )


SHORT: Regular Wire of Net datai[0] & Special Via of Net VDD  ( metal6 )
Bounds : ( 0.280, 127.120 ) ( 0.445, 127.180 )


SHORT: Regular Wire of Net datai[0] & Special Via of Net VDD  ( metal6 )
Bounds : ( 0.305, 126.780 ) ( 0.445, 127.180 )


SHORT: Regular Wire of Net datai[12] & Special Via of Net VDD  ( metal6 )
Bounds : ( 0.280, 79.520 ) ( 0.445, 79.580 )


SHORT: Regular Wire of Net datai[24] & Special Via of Net VDD  ( metal6 )
Bounds : ( 0.280, 31.920 ) ( 0.445, 31.980 )


SHORT: Regular Wire of Net datai[17] & Special Via of Net VDD  ( metal6 )
Bounds : ( 0.280, 59.640 ) ( 0.445, 59.780 )


SHORT: Regular Wire of Net datai[17] & Special Via of Net VDD  ( metal6 )
Bounds : ( 0.305, 59.580 ) ( 0.445, 59.780 )


SHORT: Regular Wire of Net datai[29] & Special Via of Net VDD  ( metal6 )
Bounds : ( 0.280, 12.040 ) ( 0.445, 12.180 )


SHORT: Regular Wire of Net datai[29] & Special Via of Net VDD  ( metal6 )
Bounds : ( 0.305, 11.980 ) ( 0.445, 12.180 )



Begin Summary ...
  Cells       : 0
  SameNet     : 0
  Wiring      : 0
  Antenna     : 0
  Short       : 10
  Overlap     : 0
End Summary

  Total Violations : 10 Viols.
