###############################################################
#  Generated by:      Cadence Innovus 21.13-s100_1
#  OS:                Linux x86_64(Host ID acf3030)
#  Generated on:      Thu Oct 27 19:10:42 2022
#  Design:            b14
#  Command:           report_ccopt_skew_groups -file ./pnr_reports/skew_groups.rpt
###############################################################

Skew Group Structure:
=====================

--------------------------------------------------------------------
Skew Group       Sources    Constrained Sinks    Unconstrained Sinks
--------------------------------------------------------------------
clock/default       1              215                    0
--------------------------------------------------------------------

Skew Group Summary:
===================

------------------------------------------------------------------------------------------------------------------------------------------------------------------
Timing Corner         Skew Group       ID Target    Min ID    Max ID    Avg ID    Std.Dev. ID    Skew Target Type    Skew Target    Skew     Skew window occupancy
------------------------------------------------------------------------------------------------------------------------------------------------------------------
default:both.early    clock/default        -        0.082     0.094     0.090        0.003       ignored                  -         0.012              -
default:both.late     clock/default    none         0.082     0.095     0.090        0.003       auto computed        0.035         0.012    100% {0.082, 0.095}
------------------------------------------------------------------------------------------------------------------------------------------------------------------

* - indicates that target was not met.

Skew Group Min/Max path pins:
=============================

---------------------------------------------------------------------------
Timing Corner         Skew Group       Min ID    PathID    Max ID    PathID
---------------------------------------------------------------------------
default:both.early    clock/default    0.082       1       0.094       2
-    min reg0_reg_16_/CK
-    max reg0_reg_4_/CK
default:both.late     clock/default    0.082       3       0.095       4
-    min reg0_reg_16_/CK
-    max reg1_reg_2_/CK
---------------------------------------------------------------------------

Timing for timing corner default:both.early, min clock_path:
============================================================

PathID    : 1
Path type : skew group clock/default (path 1 of 1)
Start     : clock
End       : reg0_reg_16_/CK
Delay     : 0.082

-------------------------------------------------------------------------------------------------
Name  Lib cell   Event  Incr   Arrival  Slew   Cap     Location          Distance  Fanout  Status
                        (ns)   (ns)     (ns)   (fF)                      (um)              
-- Clockpath trace ------------------------------------------------------------------------------
clock
-     -          rise   -       0.000   0.002  14.999  (63.935,127.400)  -           3     
CTS_ccl_a_buf_00048/A
-     CLKBUF_X3  rise   0.001   0.001   0.002  -       (63.900,86.905)    40.530   -       
CTS_ccl_a_buf_00048/Z
-     CLKBUF_X3  rise   0.040   0.041   0.019  19.273  (64.265,86.560)     0.710     9     
CTS_ccl_a_buf_00042/A
-     CLKBUF_X2  rise   0.001   0.042   0.019  -       (65.610,47.705)    40.200   -       
CTS_ccl_a_buf_00042/Z
-     CLKBUF_X2  rise   0.039   0.082   0.015   9.780  (65.975,47.330)     0.740     7     
reg0_reg_16_/CK
-     DFFR_X1    rise   0.000   0.082   0.015  -       (64.015,53.200)     7.830   -       
-------------------------------------------------------------------------------------------------

Timing for timing corner default:both.early, max clock_path:
============================================================

PathID    : 2
Path type : skew group clock/default (path 1 of 1)
Start     : clock
End       : reg2_reg_5_/CK
Delay     : 0.094

-------------------------------------------------------------------------------------------------
Name  Lib cell   Event  Incr   Arrival  Slew   Cap     Location          Distance  Fanout  Status
                        (ns)   (ns)     (ns)   (fF)                      (um)              
-- Clockpath trace ------------------------------------------------------------------------------
clock
-     -          rise   -       0.000   0.002  14.999  (63.935,127.400)  -            3    
CTS_ccl_a_buf_00048/A
-     CLKBUF_X3  rise   0.001   0.001   0.002  -       (63.900,86.905)    40.530   -       
CTS_ccl_a_buf_00048/Z
-     CLKBUF_X3  rise   0.040   0.041   0.019  19.273  (64.265,86.560)     0.710      9    
CTS_ccl_a_buf_00039/A
-     CLKBUF_X2  rise   0.001   0.042   0.019  -       (60.360,77.455)    13.010   -       
CTS_ccl_a_buf_00039/Z
-     CLKBUF_X2  rise   0.052   0.094   0.027  19.741  (59.995,77.830)     0.740     15    
reg2_reg_5_/CK
-     DFFR_X1    rise   0.001   0.094   0.027  -       (52.995,78.400)     7.570   -       
-------------------------------------------------------------------------------------------------

Timing for timing corner default:both.late, min clock_path:
===========================================================

PathID    : 3
Path type : skew group clock/default (path 1 of 1)
Start     : clock
End       : reg0_reg_16_/CK
Delay     : 0.082

-------------------------------------------------------------------------------------------------
Name  Lib cell   Event  Incr   Arrival  Slew   Cap     Location          Distance  Fanout  Status
                        (ns)   (ns)     (ns)   (fF)                      (um)              
-- Clockpath trace ------------------------------------------------------------------------------
clock
-     -          rise   -       0.000   0.002  14.999  (63.935,127.400)  -           3     
CTS_ccl_a_buf_00048/A
-     CLKBUF_X3  rise   0.001   0.001   0.002  -       (63.900,86.905)    40.530   -       
CTS_ccl_a_buf_00048/Z
-     CLKBUF_X3  rise   0.040   0.041   0.019  19.273  (64.265,86.560)     0.710     9     
CTS_ccl_a_buf_00042/A
-     CLKBUF_X2  rise   0.001   0.042   0.020  -       (65.610,47.705)    40.200   -       
CTS_ccl_a_buf_00042/Z
-     CLKBUF_X2  rise   0.040   0.082   0.015   9.780  (65.975,47.330)     0.740     7     
reg0_reg_16_/CK
-     DFFR_X1    rise   0.000   0.082   0.015  -       (64.015,53.200)     7.830   -       
-------------------------------------------------------------------------------------------------

Timing for timing corner default:both.late, max clock_path:
===========================================================

PathID    : 4
Path type : skew group clock/default (path 1 of 1)
Start     : clock
End       : reg1_reg_4_/CK
Delay     : 0.095

-------------------------------------------------------------------------------------------------
Name  Lib cell   Event  Incr   Arrival  Slew   Cap     Location          Distance  Fanout  Status
                        (ns)   (ns)     (ns)   (fF)                      (um)              
-- Clockpath trace ------------------------------------------------------------------------------
clock
-     -          rise   -       0.000   0.002  14.999  (63.935,127.400)  -            3    
CTS_ccl_a_buf_00048/A
-     CLKBUF_X3  rise   0.001   0.001   0.002  -       (63.900,86.905)    40.530   -       
CTS_ccl_a_buf_00048/Z
-     CLKBUF_X3  rise   0.040   0.041   0.019  19.273  (64.265,86.560)     0.710      9    
CTS_ccl_a_buf_00039/A
-     CLKBUF_X2  rise   0.001   0.042   0.019  -       (60.360,77.455)    13.010   -       
CTS_ccl_a_buf_00039/Z
-     CLKBUF_X2  rise   0.052   0.094   0.027  19.741  (59.995,77.830)     0.740     15    
reg1_reg_4_/CK
-     DFFR_X1    rise   0.001   0.095   0.027  -       (48.815,78.400)    11.750   -       
-------------------------------------------------------------------------------------------------

